2023-03-05 21:21:20 -  - exec CUpdateClientPartner::SearchModulesEx
2023-03-05 21:21:20 -  - exec CUpdateClientPartner::__CollectRequestData
2023-03-05 21:21:21 -  - utf=Y&lang=ru&stable=Y&CANGZIP=Y&SUPD_DBS=MYSQL&XE=N&CLIENT_SITE=bitrixtest.loc&LICENSE_KEY=X&SUPD_STS=1&SUPD_URS=0&SUPD_URSA=1&TYPENC=D&CLIENT_PHPVER=7.4.33&NGINX=Y&dbv=5.7.39&instm=main%2C22.0.300%2CY%3Bvote%2C21.0.100%2CN%3Bui%2C22.400.50%2CN%3Blanding%2C21.1300.200%2CN%3Bmobileapp%2C21.0.300%2CN%3Bform%2C21.0.0%2CN%3Bperfmon%2C21.0.0%2CN%3Bscale%2C21.0.0%2CN%3Bbitrix.siteinfoportal%2C15.5.0%2CN%3Bhighloadblock%2C22.200.0%2CN%3Bsecurity%2C21.200.0%2CN%3Btranslate%2C21.100.0%2CN%3Bsocialservices%2C22.0.250%2CN%3Bphotogallery%2C21.200.0%2CN%3Bblog%2C21.300.0%2CN%3Bclouds%2C22.0.0%2CN%3Bsearch%2C22.0.0%2CN%3Biblock%2C21.800.300%2CN%3Bforum%2C21.300.100%2CN%3Bsubscribe%2C21.0.0%2CN%3Bmessageservice%2C22.200.100%2CN%3Bbitrixcloud%2C22.0.0%2CN%3Bbitrix.sitecorporate%2C15.5.0%2CN%3Bbitrix.sitepersonal%2C15.5.0%2CN%3Bseo%2C22.0.200%2CN%3Bb24connector%2C21.100.0%2CN%3Brest%2C22.0.100%2CN%3Bfileman%2C22.0.0%2CN&search_module_id=&search_module=&search_category=7%2C14&search_type=&search_order=DESC&search_order_by=SORT&search_page=1&SUPD_SRS=RU&SUPD_CMP=N
2023-03-05 21:21:21 -  - exec CUpdateClientPartner::GetHTTPPage
2023-03-05 21:21:22 -  - TIME SearchModulesEx(request) 0.967 sec
2023-03-05 21:21:22 -  - exec CUpdateClientPartner::ParseServerData
2023-03-05 21:21:40 -  - exec CUpdateClientPartner::LoadModulesUpdates
2023-03-05 21:21:40 -  - exec CUpdateClientPartner::__CollectRequestData
2023-03-05 21:21:40 -  - utf=Y&lang=ru&stable=Y&CANGZIP=Y&SUPD_DBS=MYSQL&XE=N&CLIENT_SITE=bitrixtest.loc&LICENSE_KEY=X&SUPD_STS=1&SUPD_URS=0&SUPD_URSA=1&TYPENC=D&CLIENT_PHPVER=7.4.33&NGINX=Y&dbv=5.7.39&instm=main%2C22.0.300%2CY%3Bvote%2C21.0.100%2CN%3Bui%2C22.400.50%2CN%3Blanding%2C21.1300.200%2CN%3Bmobileapp%2C21.0.300%2CN%3Bform%2C21.0.0%2CN%3Bperfmon%2C21.0.0%2CN%3Bscale%2C21.0.0%2CN%3Bbitrix.siteinfoportal%2C15.5.0%2CN%3Bhighloadblock%2C22.200.0%2CN%3Bsecurity%2C21.200.0%2CN%3Btranslate%2C21.100.0%2CN%3Bsocialservices%2C22.0.250%2CN%3Bphotogallery%2C21.200.0%2CN%3Bblog%2C21.300.0%2CN%3Bclouds%2C22.0.0%2CN%3Bsearch%2C22.0.0%2CN%3Biblock%2C21.800.300%2CN%3Bforum%2C21.300.100%2CN%3Bsubscribe%2C21.0.0%2CN%3Bmessageservice%2C22.200.100%2CN%3Bbitrixcloud%2C22.0.0%2CN%3Bbitrix.sitecorporate%2C15.5.0%2CN%3Bbitrix.sitepersonal%2C15.5.0%2CN%3Bseo%2C22.0.200%2CN%3Bb24connector%2C21.100.0%2CN%3Brest%2C22.0.100%2CN%3Bfileman%2C22.0.0%2CN&reqm=nsandrey.emptyinstall&lim=Y&SUPD_SRS=RU&SUPD_CMP=N
2023-03-05 21:21:40 -  - exec CUpdateClientPartner::GetHTTPPage
2023-03-05 21:21:40 -  - TIME LoadModulesUpdates(request) 0.28 sec
2023-03-05 21:21:40 -  - exec CUpdateClientPartner::ParseServerData
2023-03-05 21:21:41 - S - STEP
2023-03-05 21:21:41 - LM4W01 - loadModule4Wizard-Step
2023-03-05 21:21:41 -  - exec CUpdateClientPartner::LoadModulesUpdates
2023-03-05 21:21:41 -  - exec CUpdateClientPartner::ParseServerData
2023-03-05 21:21:41 -  - loadFile
2023-03-05 21:21:41 - U - RETURN
2023-03-05 21:21:41 -  - exec CUpdateClientPartner::UnGzipArchive
2023-03-05 21:21:41 -  - TIME UnGzipArchive 0.041 sec
2023-03-05 21:21:41 -  - TIME UpdateStepModules 0.059 sec
2023-03-05 21:21:42 -  - exec CUpdateClientPartner::LoadModulesUpdates
2023-03-05 21:21:42 -  - exec CUpdateClientPartner::__CollectRequestData
2023-03-05 21:21:42 -  - utf=Y&lang=ru&stable=Y&CANGZIP=Y&SUPD_DBS=MYSQL&XE=N&CLIENT_SITE=bitrixtest.loc&LICENSE_KEY=X&SUPD_STS=1&SUPD_URS=0&SUPD_URSA=1&TYPENC=D&CLIENT_PHPVER=7.4.33&NGINX=Y&dbv=5.7.39&instm=main%2C22.0.300%2CY%3Bvote%2C21.0.100%2CN%3Bui%2C22.400.50%2CN%3Blanding%2C21.1300.200%2CN%3Bmobileapp%2C21.0.300%2CN%3Bform%2C21.0.0%2CN%3Bperfmon%2C21.0.0%2CN%3Bscale%2C21.0.0%2CN%3Bbitrix.siteinfoportal%2C15.5.0%2CN%3Bhighloadblock%2C22.200.0%2CN%3Bsecurity%2C21.200.0%2CN%3Btranslate%2C21.100.0%2CN%3Bsocialservices%2C22.0.250%2CN%3Bphotogallery%2C21.200.0%2CN%3Bblog%2C21.300.0%2CN%3Bclouds%2C22.0.0%2CN%3Bsearch%2C22.0.0%2CN%3Biblock%2C21.800.300%2CN%3Bforum%2C21.300.100%2CN%3Bsubscribe%2C21.0.0%2CN%3Bmessageservice%2C22.200.100%2CN%3Bbitrixcloud%2C22.0.0%2CN%3Bbitrix.sitecorporate%2C15.5.0%2CN%3Bbitrix.sitepersonal%2C15.5.0%2CN%3Bseo%2C22.0.200%2CN%3Bb24connector%2C21.100.0%2CN%3Bnsandrey.emptyinstall%2C1.0.5%2CN%3Brest%2C22.0.100%2CN%3Bfileman%2C22.0.0%2CN&reqm=nsandrey.emptyinstall&lim=Y&SUPD_SRS=RU&SUPD_CMP=N
2023-03-05 21:21:42 -  - exec CUpdateClientPartner::GetHTTPPage
2023-03-05 21:21:42 -  - TIME LoadModulesUpdates(request) 0.13 sec
2023-03-05 21:21:42 -  - exec CUpdateClientPartner::ParseServerData
2023-03-05 21:21:42 - STEP - Finish - NOUPDATES
2023-03-05 21:21:42 - LM4W03 - Finish - NOUPDATES
2023-03-05 21:23:49 -  - exec CUpdateClientPartner::__CollectRequestData
2023-03-05 21:23:49 -  - exec CUpdateClientPartner::GetHTTPPage
2023-03-05 21:23:49 -  - exec CUpdateClientPartner::ParseServerData
2023-03-05 21:23:49 -  - exec CUpdateClientPartner::GetUpdatesList
2023-03-05 21:23:49 -  - exec CUpdateClientPartner::__CollectRequestData
2023-03-05 21:23:49 -  - utf=Y&lang=ru&stable=Y&CANGZIP=Y&SUPD_DBS=MYSQL&XE=N&CLIENT_SITE=bitrixtest.loc&LICENSE_KEY=X&SUPD_STS=1&SUPD_URS=0&SUPD_URSA=1&TYPENC=D&CLIENT_PHPVER=7.4.33&NGINX=Y&dbv=5.7.39&instm=main%2C22.0.300%2CY%3Bvote%2C21.0.100%2CN%3Bui%2C22.400.50%2CN%3Blanding%2C21.1300.200%2CN%3Bmobileapp%2C21.0.300%2CN%3Bform%2C21.0.0%2CN%3Bperfmon%2C21.0.0%2CN%3Bscale%2C21.0.0%2CN%3Bbitrix.siteinfoportal%2C15.5.0%2CN%3Bhighloadblock%2C22.200.0%2CN%3Bsecurity%2C21.200.0%2CN%3Btranslate%2C21.100.0%2CN%3Bsocialservices%2C22.0.250%2CN%3Bphotogallery%2C21.200.0%2CN%3Bblog%2C21.300.0%2CN%3Bclouds%2C22.0.0%2CN%3Bsearch%2C22.0.0%2CN%3Biblock%2C21.800.300%2CN%3Bforum%2C21.300.100%2CN%3Bsubscribe%2C21.0.0%2CN%3Bmessageservice%2C22.200.100%2CN%3Bbitrixcloud%2C22.0.0%2CN%3Bbitrix.sitecorporate%2C15.5.0%2CN%3Bbitrix.sitepersonal%2C15.5.0%2CN%3Bseo%2C22.0.200%2CN%3Bb24connector%2C21.100.0%2CN%3Bnsandrey.emptyinstall%2C1.0.5%2CN%3Brest%2C22.0.100%2CN%3Bfileman%2C22.0.0%2CN&reqm=bitrix.siteinfoportal%2Cbitrix.sitecorporate%2Cbitrix.sitepersonal%2Cnsandrey.emptyinstall&fullmoduleinfo=Y&SUPD_SRS=RU&SUPD_CMP=N
2023-03-05 21:23:49 -  - exec CUpdateClientPartner::GetHTTPPage
2023-03-05 21:23:49 -  - TIME GetUpdatesList(request) 0.131 sec
2023-03-05 21:23:49 -  - exec CUpdateClientPartner::ParseServerData
2023-03-05 21:23:49 -  - exec CUpdateClientPartner::__CollectRequestData
2023-03-05 21:23:49 -  - exec CUpdateClientPartner::GetHTTPPage
2023-03-05 21:23:50 -  - exec CUpdateClientPartner::ParseServerData
